<?xml version="1.0" encoding="UTF-8"?>
<!-- Generated by org.testng.reporters.JUnitReportReporter -->
<testsuite hostname="cakesan" failures="0" tests="1" name="testScripts.BooksTest" time="20.020" errors="0" timestamp="2024-04-30T14:44:08 IST" skipped="0">
  <testcase classname="testScripts.BooksTest" name="books_001" time="20.020"/>
</testsuite> <!-- testScripts.BooksTest -->
