<?xml version="1.0" encoding="UTF-8"?>
<!-- Generated by org.testng.reporters.JUnitReportReporter -->
<testsuite hostname="cakesan" failures="0" tests="10" name="ProjectMock1.TestRun" time="589.614" errors="0" timestamp="2024-04-30T20:19:22 IST" skipped="0">
  <testcase classname="ProjectMock1.TestRun" name="register" time="81.470"/>
  <testcase classname="ProjectMock1.TestRun" name="login" time="32.130"/>
  <testcase classname="ProjectMock1.TestRun" name="shoppingcart" time="39.231"/>
  <testcase classname="ProjectMock1.TestRun" name="wishlist" time="49.187"/>
  <testcase classname="ProjectMock1.TestRun" name="search" time="36.264"/>
  <testcase classname="ProjectMock1.TestRun" name="subscrib" time="44.251"/>
  <testcase classname="ProjectMock1.TestRun" name="radio" time="60.122"/>
  <testcase classname="ProjectMock1.TestRun" name="vote" time="99.291"/>
  <testcase classname="ProjectMock1.TestRun" name="view" time="116.800"/>
  <testcase classname="ProjectMock1.TestRun" name="tricentis" time="30.868"/>
</testsuite> <!-- ProjectMock1.TestRun -->
