<?xml version="1.0" encoding="UTF-8"?>
<!-- Generated by org.testng.reporters.JUnitReportReporter -->
<testsuite hostname="cakesan" failures="0" tests="4" name="testScripts.ElectronicsTest" time="29.191" errors="0" timestamp="2024-04-30T14:44:08 IST" skipped="0">
  <testcase classname="testScripts.ElectronicsTest" name="login" time="5.803"/>
  <testcase classname="testScripts.ElectronicsTest" name="register" time="7.434"/>
  <testcase classname="testScripts.ElectronicsTest" name="payment" time="7.906"/>
  <testcase classname="testScripts.ElectronicsTest" name="addtocard" time="8.048"/>
</testsuite> <!-- testScripts.ElectronicsTest -->
