<?xml version="1.0" encoding="UTF-8"?>
<!-- Generated by org.testng.reporters.JUnitReportReporter -->
<testsuite hostname="cakesan" failures="0" tests="9" name="testScripts.InvocationCount_ThreadPoolSize" time="340.276" errors="0" timestamp="2024-04-30T14:44:08 IST" skipped="1">
  <testcase classname="testScripts.InvocationCount_ThreadPoolSize" name="register" time="56.879"/>
  <testcase classname="testScripts.InvocationCount_ThreadPoolSize" name="register" time="57.823"/>
  <testcase classname="testScripts.InvocationCount_ThreadPoolSize" name="register" time="54.752"/>
  <testcase classname="testScripts.InvocationCount_ThreadPoolSize" name="addtocard" time="24.919"/>
  <testcase classname="testScripts.InvocationCount_ThreadPoolSize" name="register" time="57.574"/>
  <testcase classname="testScripts.InvocationCount_ThreadPoolSize" name="register" time="58.020"/>
  <testcase classname="testScripts.InvocationCount_ThreadPoolSize" name="login" time="15.069"/>
  <testcase classname="testScripts.InvocationCount_ThreadPoolSize" name="login" time="15.240"/>
  <testcase classname="testScripts.InvocationCount_ThreadPoolSize" name="payment">
    <skipped/>
  </testcase> <!-- payment -->
</testsuite> <!-- testScripts.InvocationCount_ThreadPoolSize -->
